CREATE USER SA PASSWORD "" ADMIN
/*C1*/CONNECT USER SA
CREATE TABLE ae ( \u0009pk          \u0009IDENTITY PRIMARY KEY, \u0009aet          \u0009VARCHAR(256) NOT NULL, \u0009hostname     \u0009VARCHAR(256) NOT NULL, \u0009port\u0009\u0009\u0009INTEGER NOT NULL, \u0009cipher_suites  \u0009VARCHAR(256) )
CREATE UNIQUE INDEX aet ON ae(aet)
CREATE TABLE code ( \u0009pk          \u0009IDENTITY PRIMARY KEY, \u0009code_value     \u0009VARCHAR(256) NOT NULL, \u0009code_designator\u0009VARCHAR(256) NOT NULL, \u0009code_version   \u0009VARCHAR(256), \u0009code_meaning   \u0009VARCHAR(256) )
CREATE INDEX code_value ON code(code_value,code_designator)
CREATE TABLE patient ( \u0009pk          \u0009IDENTITY PRIMARY KEY, \u0009merge_fk\u0009\u0009INTEGER, \u0009pat_id         \u0009VARCHAR(256), \u0009pat_id_issuer  \u0009VARCHAR(256), \u0009pat_name    \u0009VARCHAR_IGNORECASE(256), \u0009pat_birthdate  \u0009DATE, \u0009pat_sex\u0009\u0009  \u0009VARCHAR(256), \u0009pat_attrs\u0009\u0009VARBINARY, FOREIGN KEY (merge_fk) REFERENCES patient(pk) )
CREATE INDEX pat_merge_fk ON patient(merge_fk)
CREATE INDEX pat_id ON patient(pat_id, pat_id_issuer)
CREATE INDEX pat_name ON patient(pat_name)
CREATE INDEX pat_birthdate ON patient(pat_birthdate)
CREATE INDEX pat_sex ON patient(pat_sex)
CREATE TABLE study ( \u0009pk              IDENTITY PRIMARY KEY, \u0009patient_fk      INTEGER, \u0009study_iuid      VARCHAR(256) NOT NULL, \u0009study_id        VARCHAR(256), \u0009study_datetime\u0009TIMESTAMP, \u0009accession_no\u0009VARCHAR(256), \u0009ref_physician   VARCHAR_IGNORECASE(256), \u0009mods_in_study\u0009VARCHAR(256), \u0009num_series\u0009\u0009INTEGER, \u0009num_instances\u0009INTEGER, \u0009retrieve_aets\u0009VARCHAR(256), \u0009fileset_iuid\u0009VARCHAR(256), \u0009fileset_id\u0009\u0009VARCHAR(256), \u0009availability\u0009INTEGER, \u0009created_time\u0009TIMESTAMP, \u0009updated_time\u0009TIMESTAMP, \u0009study_attrs\u0009\u0009VARBINARY, FOREIGN KEY (patient_fk) REFERENCES patient(pk) )
CREATE INDEX patient_fk ON study(patient_fk)
CREATE UNIQUE INDEX study_iuid ON study(study_iuid)
CREATE INDEX study_id ON study(study_id)
CREATE INDEX study_datetime ON study(study_datetime)
CREATE INDEX accession_no ON study(accession_no)
CREATE INDEX ref_physician ON study(ref_physician)
CREATE TABLE mpps ( \u0009pk          \u0009IDENTITY PRIMARY KEY, \u0009patient_fk      INTEGER, \u0009drcode_fk\u0009\u0009INTEGER, \u0009mpps_iuid\u0009\u0009VARCHAR(256) NOT NULL, \u0009mpps_status\u0009\u0009INTEGER, \u0009mpps_attrs\u0009\u0009VARBINARY, FOREIGN KEY (patient_fk) REFERENCES patient(pk), FOREIGN KEY (drcode_fk) REFERENCES code(pk) )
CREATE UNIQUE INDEX mpps_iuid ON mpps (mpps_iuid)
CREATE INDEX mpps_patient_fk ON study(patient_fk)
CREATE TABLE series ( \u0009pk              IDENTITY PRIMARY KEY, \u0009study_fk\u0009\u0009INTEGER, \u0009mpps_fk\u0009\u0009\u0009INTEGER, \u0009series_iuid     VARCHAR(256) NOT NULL, \u0009series_no\u0009\u0009VARCHAR(256), \u0009modality\u0009\u0009VARCHAR(256), \u0009pps_start\u0009\u0009TIMESTAMP, \u0009pps_iuid\u0009\u0009VARCHAR(256), \u0009num_instances\u0009INTEGER, \u0009retrieve_aets\u0009VARCHAR(256), \u0009fileset_iuid\u0009VARCHAR(256), \u0009fileset_id\u0009\u0009VARCHAR(256), \u0009availability\u0009INTEGER, \u0009hidden\u0009\u0009\u0009BIT, \u0009created_time\u0009TIMESTAMP, \u0009updated_time\u0009TIMESTAMP, \u0009series_attrs\u0009VARBINARY, FOREIGN KEY (study_fk) REFERENCES study(pk), FOREIGN KEY (mpps_fk) REFERENCES mpps(pk) )
CREATE INDEX study_fk ON series(study_fk)
CREATE INDEX series_mpps_fk ON series(mpps_fk)
CREATE UNIQUE INDEX series_iuid ON series(series_iuid)
CREATE INDEX series_no ON series(series_no)
CREATE INDEX modality ON series(modality)
CREATE INDEX series_pps_start ON series(pps_start)
CREATE INDEX series_pps_iuid ON series (pps_iuid)
CREATE TABLE media ( \u0009pk          \u0009\u0009IDENTITY PRIMARY KEY, \u0009fileset_iuid\u0009\u0009VARCHAR(256) NOT NULL, \u0009fileset_id\u0009\u0009\u0009VARCHAR(256),  \u0009media_rq_iuid\u0009\u0009VARCHAR(256), \u0009media_status\u0009\u0009INTEGER NOT NULL, \u0009media_status_info\u0009VARCHAR(256), \u0009media_usage\u0009\u0009\u0009BIGINT NOT NULL, \u0009created_time\u0009\u0009TIMESTAMP, \u0009updated_time\u0009\u0009TIMESTAMP )
CREATE UNIQUE INDEX fileset_iuid ON media(fileset_iuid)
CREATE INDEX media_status ON media(media_status)
CREATE TABLE instance ( \u0009pk             \u0009IDENTITY PRIMARY KEY, \u0009series_fk\u0009\u0009INTEGER, \u0009srcode_fk\u0009\u0009INTEGER, \u0009media_fk\u0009\u0009INTEGER, \u0009sop_iuid\u0009\u0009VARCHAR(256) NOT NULL, \u0009sop_cuid\u0009\u0009VARCHAR(256) NOT NULL, \u0009inst_no\u0009\u0009\u0009VARCHAR(256), \u0009sr_complete\u0009\u0009VARCHAR(256), \u0009sr_verified\u0009\u0009VARCHAR(256), \u0009ext_retr_aet\u0009VARCHAR(256), \u0009retrieve_aets\u0009VARCHAR(256), \u0009availability\u0009INTEGER, \u0009commitment\u0009\u0009BIT, \u0009inst_attrs\u0009\u0009VARBINARY, FOREIGN KEY (series_fk) REFERENCES series(pk), FOREIGN KEY (srcode_fk) REFERENCES code(pk), FOREIGN KEY (media_fk) REFERENCES media(pk) )
CREATE INDEX series_fk ON instance(series_fk)
CREATE UNIQUE INDEX sop_iuid ON instance(sop_iuid)
CREATE INDEX sop_cuid ON instance(sop_cuid)
CREATE INDEX inst_no ON instance(inst_no)
CREATE INDEX sr_complete ON instance(sr_complete)
CREATE INDEX sr_verified ON instance(sr_verified)
CREATE TABLE filesystem ( \u0009pk              IDENTITY PRIMARY KEY, \u0009dirpath\u0009\u0009\u0009VARCHAR(256) NOT NULL, \u0009retrieve_aet\u0009VARCHAR(256) NOT NULL )
CREATE UNIQUE INDEX dirpath ON filesystem(dirpath)
CREATE INDEX retrieve_aet ON filesystem(retrieve_aet)
CREATE TABLE files ( \u0009pk              IDENTITY PRIMARY KEY, \u0009instance_fk     INTEGER, \u0009filesystem_fk   INTEGER, \u0009filepath\u0009\u0009VARCHAR(256) NOT NULL, \u0009file_tsuid      VARCHAR(256) NOT NULL, \u0009file_md5        VARCHAR(256), \u0009file_size       BIGINT, FOREIGN KEY (instance_fk)\u0009REFERENCES instance(pk), FOREIGN KEY (filesystem_fk)\u0009REFERENCES filesystem(pk) )
CREATE INDEX instance_fk ON files(instance_fk)
CREATE INDEX filesystem_fk ON files(filesystem_fk)
CREATE TABLE study_on_filesystem ( \u0009pk              IDENTITY PRIMARY KEY, \u0009study_fk\u0009\u0009INTEGER, \u0009filesystem_fk\u0009INTEGER, \u0009access_time\u0009\u0009TIMESTAMP NOT NULL, FOREIGN KEY (study_fk) REFERENCES study(pk), FOREIGN KEY (filesystem_fk) REFERENCES filesystem(pk) )
CREATE INDEX sof_study_fk ON study_on_filesystem(study_fk)
CREATE INDEX sof_filesystem_fk ON study_on_filesystem(filesystem_fk)
CREATE TABLE mwl_item ( \u0009pk          \u0009IDENTITY PRIMARY KEY, \u0009patient_fk      INTEGER, \u0009sps_id\u0009\u0009\u0009VARCHAR(256) NOT NULL, \u0009start_datetime\u0009TIMESTAMP NOT NULL, \u0009station_aet     VARCHAR(256) NOT NULL, \u0009modality\u0009    VARCHAR(256) NOT NULL, \u0009perf_physician  VARCHAR_IGNORECASE(256), \u0009req_proc_id    \u0009VARCHAR(256) NOT NULL, \u0009accession_no\u0009VARCHAR(256), \u0009item_attrs\u0009\u0009VARBINARY, FOREIGN KEY (patient_fk) REFERENCES patient(pk) )
CREATE INDEX mwl_patient_fk ON mwl_item(patient_fk)
CREATE UNIQUE INDEX mwl_sps_id ON mwl_item(sps_id)
CREATE INDEX mwl_start_time ON mwl_item(start_datetime)
CREATE INDEX mwl_station_aet ON mwl_item(station_aet)
CREATE INDEX mwl_modality ON mwl_item(modality)
CREATE INDEX mwl_perf_physician ON mwl_item(perf_physician)
CREATE INDEX mwl_req_proc_id ON mwl_item(req_proc_id)
CREATE INDEX mwl_accession_no ON mwl_item(accession_no)
CREATE TABLE device ( \u0009pk          \u0009IDENTITY PRIMARY KEY, \u0009station_name    VARCHAR(256) NOT NULL, \u0009station_aet     VARCHAR(256) NOT NULL )
CREATE UNIQUE INDEX station_name ON device(station_name)
CREATE TABLE rel_device_protocol ( \u0009device_fk      INTEGER, \u0009prcode_fk      INTEGER, FOREIGN KEY (device_fk) REFERENCES device(pk), FOREIGN KEY (prcode_fk) REFERENCES code(pk) )
CREATE INDEX device_fk ON rel_device_protocol(device_fk)
CREATE INDEX prcode_fk ON rel_device_protocol(prcode_fk)
CREATE TABLE audit_record( \u0009pk \u0009\u0009\u0009\u0009INTEGER NOT NULL IDENTITY PRIMARY KEY, \u0009msg_type \u0009\u0009VARCHAR(256), \u0009host_name \u0009\u0009VARCHAR_IGNORECASE(256), \u0009time_stamp \u0009\u0009TIMESTAMP, \u0009aet \u0009\u0009\u0009VARCHAR(256), \u0009user_name \u0009\u0009VARCHAR(256), \u0009patient_name\u0009VARCHAR_IGNORECASE(256), \u0009patient_id \u0009\u0009VARCHAR(256), \u0009xml_data \u0009\u0009VARCHAR(64000) )
CREATE INDEX arr_msg_type ON audit_record(msg_type)
CREATE INDEX arr_host_name ON audit_record(host_name)
CREATE INDEX arr_time_stamp ON audit_record(time_stamp)
CREATE INDEX arr_aet ON audit_record(aet)
CREATE INDEX arr_user_name ON audit_record(user_name)
CREATE INDEX arr_patient_name ON audit_record(patient_name)
CREATE INDEX arr_patient_id ON audit_record(patient_id)
CREATE TABLE users( \u0009user_id\u0009\u0009VARCHAR(256) PRIMARY KEY, \u0009passwd \u0009\u0009VARCHAR(256) )
CREATE TABLE roles( \u0009user_id\u0009\u0009VARCHAR(256), \u0009roles\u0009 \u0009VARCHAR(256), FOREIGN KEY (user_id) REFERENCES users(user_id) )
CREATE INDEX user_id ON roles(user_id)
INSERT INTO USERS VALUES('admin','admin')
INSERT INTO ROLES VALUES('admin','JBossAdmin')
INSERT INTO ROLES VALUES('admin','WebAdmin')
INSERT INTO ROLES VALUES('admin','arr-user')
INSERT INTO AE VALUES(0,'QR_SCP','localhost',2350,NULL)
INSERT INTO AE VALUES(1,'LOCAL','localhost',2345,NULL)
DISCONNECT
